<?xml version="1.0" encoding="UTF-8"?>
<testng-results ignored="0" total="1" passed="1" failed="0" skipped="0">
  <reporter-output>
    <line>
      <![CDATA[Contact nameGowthami_880added successfully]]>
    </line>
  </reporter-output>
  <suite started-at="2025-04-21T19:39:06 IST" name="Default suite" finished-at="2025-04-21T19:40:42 IST" duration-ms="96298">
    <groups>
    </groups>
    <test started-at="2025-04-21T19:39:06 IST" name="Default test" finished-at="2025-04-21T19:40:42 IST" duration-ms="96298">
      <class name="CreateTest.CreateContactTest">
        <test-method is-config="true" signature="beforeSuite()[pri:0, instance:CreateTest.CreateContactTest@2d710f1a]" started-at="2025-04-21T19:39:05 IST" name="beforeSuite" finished-at="2025-04-21T19:39:06 IST" duration-ms="372" status="PASS">
          <reporter-output>
          </reporter-output>
        </test-method> <!-- beforeSuite -->
        <test-method is-config="true" signature="beforeTest()[pri:0, instance:CreateTest.CreateContactTest@2d710f1a]" started-at="2025-04-21T19:39:06 IST" name="beforeTest" finished-at="2025-04-21T19:39:06 IST" duration-ms="0" status="PASS">
          <reporter-output>
          </reporter-output>
        </test-method> <!-- beforeTest -->
        <test-method is-config="true" signature="beforeClass()[pri:0, instance:CreateTest.CreateContactTest@2d710f1a]" started-at="2025-04-21T19:39:06 IST" name="beforeClass" finished-at="2025-04-21T19:39:09 IST" duration-ms="3113" status="PASS">
          <reporter-output>
          </reporter-output>
        </test-method> <!-- beforeClass -->
        <test-method is-config="true" signature="beforeMethod()[pri:0, instance:CreateTest.CreateContactTest@2d710f1a]" started-at="2025-04-21T19:39:09 IST" name="beforeMethod" finished-at="2025-04-21T19:40:10 IST" duration-ms="61082" status="PASS">
          <reporter-output>
          </reporter-output>
        </test-method> <!-- beforeMethod -->
        <test-method signature="createContactWithCampaignTest()[pri:0, instance:CreateTest.CreateContactTest@2d710f1a]" started-at="2025-04-21T19:40:10 IST" name="createContactWithCampaignTest" finished-at="2025-04-21T19:40:40 IST" duration-ms="30494" status="PASS">
          <reporter-output>
            <line>
              <![CDATA[Contact nameGowthami_880added successfully]]>
            </line>
          </reporter-output>
        </test-method> <!-- createContactWithCampaignTest -->
        <test-method is-config="true" signature="afterMethod()[pri:0, instance:CreateTest.CreateContactTest@2d710f1a]" started-at="2025-04-21T19:40:40 IST" name="afterMethod" finished-at="2025-04-21T19:40:41 IST" duration-ms="81" status="PASS">
          <reporter-output>
          </reporter-output>
        </test-method> <!-- afterMethod -->
        <test-method is-config="true" signature="afterClass()[pri:0, instance:CreateTest.CreateContactTest@2d710f1a]" started-at="2025-04-21T19:40:41 IST" name="afterClass" finished-at="2025-04-21T19:40:42 IST" duration-ms="1499" status="PASS">
          <reporter-output>
          </reporter-output>
        </test-method> <!-- afterClass -->
        <test-method is-config="true" signature="afterTest()[pri:0, instance:CreateTest.CreateContactTest@2d710f1a]" started-at="2025-04-21T19:40:42 IST" name="afterTest" finished-at="2025-04-21T19:40:42 IST" duration-ms="0" status="PASS">
          <reporter-output>
          </reporter-output>
        </test-method> <!-- afterTest -->
        <test-method is-config="true" signature="afterSuite()[pri:0, instance:CreateTest.CreateContactTest@2d710f1a]" started-at="2025-04-21T19:40:42 IST" name="afterSuite" finished-at="2025-04-21T19:40:42 IST" duration-ms="16" status="PASS">
          <reporter-output>
          </reporter-output>
        </test-method> <!-- afterSuite -->
      </class> <!-- CreateTest.CreateContactTest -->
    </test> <!-- Default test -->
  </suite> <!-- Default suite -->
</testng-results>
