<?xml version="1.0" encoding="UTF-8"?>
<!-- Generated by org.testng.reporters.JUnitXMLReporter -->
<testsuite ignored="0" hostname="LAPTOP-JPHJ2F9N" failures="0" tests="5" name="Test_edge" time="106.039" errors="0" timestamp="2025-03-22T11:59:05 IST">
  <testcase classname="CampaignTest.CreateCampaign" name="createCampaignTest" time="23.846"/>
  <testcase classname="CampaignTest.CreateCampaign" name="createCampaignWithDateTest" time="22.691"/>
  <testcase classname="ProductTest.CreateProduct" name="createProductTest" time="18.736"/>
  <testcase classname="Login.LoginTest" name="loginTest" time="6.066"/>
  <testcase classname="CreateTest.CreateContact" name="createContactWithCampaignTest" time="34.63"/>
</testsuite> <!-- Test_edge -->
