<?xml version="1.0" encoding="UTF-8"?>
<!-- Generated by org.testng.reporters.JUnitXMLReporter -->
<testsuite ignored="0" hostname="LAPTOP-JPHJ2F9N" failures="0" tests="3" name="Test1" time="55.345" errors="0" timestamp="2025-03-20T21:14:00 IST">
  <testcase classname="CampaignTest.CreateCampaign" name="createCampaignTest" time="20.28"/>
  <testcase classname="CampaignTest.CreateCampaign" name="createCampaignWithDateTest" time="18.956"/>
  <testcase classname="ProductTest.CreateProduct" name="createProductTest" time="16.058"/>
</testsuite> <!-- Test1 -->
